<?xml version="1.0" encoding="UTF-8"?>
<!-- Generated by org.testng.reporters.JUnitReportReporter -->
<testsuite skipped="2" hostname="Lenovo-PC" name="com.crm.qa.testcases.ContactsPageTest" tests="5" failures="0" timestamp="29 Jun 2020 11:54:47 GMT" time="120.396" errors="0">
  <testcase name="newContactsInformationTest" time="38.035" classname="com.crm.qa.testcases.ContactsPageTest"/>
  <testcase name="newContactsInformationTest" time="40.014" classname="com.crm.qa.testcases.ContactsPageTest"/>
  <testcase name="newContactsInformationTest" time="42.347" classname="com.crm.qa.testcases.ContactsPageTest"/>
  <testcase name="verifyContactsLabelTest" classname="com.crm.qa.testcases.ContactsPageTest">
    <skipped/>
  </testcase> <!-- verifyContactsLabelTest -->
  <testcase name="selectCheckBoxByTest" classname="com.crm.qa.testcases.ContactsPageTest">
    <skipped/>
  </testcase> <!-- selectCheckBoxByTest -->
</testsuite> <!-- com.crm.qa.testcases.ContactsPageTest -->
