<?xml version="1.0" encoding="UTF-8"?>
<!-- Generated by org.testng.reporters.JUnitReportReporter -->
<testsuite skipped="2" hostname="Lenovo-PC" name="com.crm.qa.testcases.HomePageTest" tests="3" failures="0" timestamp="27 Jun 2020 11:17:00 GMT" time="31.061" errors="0">
  <testcase name="contactsLinkClickTest" time="31.061" classname="com.crm.qa.testcases.HomePageTest"/>
  <testcase name="verifyUserNameLabelTest" classname="com.crm.qa.testcases.HomePageTest">
    <skipped/>
  </testcase> <!-- verifyUserNameLabelTest -->
  <testcase name="verifyHomePageTitleTest" classname="com.crm.qa.testcases.HomePageTest">
    <skipped/>
  </testcase> <!-- verifyHomePageTitleTest -->
</testsuite> <!-- com.crm.qa.testcases.HomePageTest -->
