<?xml version="1.0" encoding="UTF-8"?>
<!-- Generated by org.testng.reporters.JUnitReportReporter -->
<testsuite skipped="0" hostname="Lenovo-PC" name="com.crm.qa.testcases.LoginPageTest" tests="3" failures="0" timestamp="27 Jun 2020 11:17:00 GMT" time="53.311" errors="0">
  <testcase name="loginTest" time="24.293" classname="com.crm.qa.testcases.LoginPageTest"/>
  <testcase name="validateCRMImageTest" time="15.201" classname="com.crm.qa.testcases.LoginPageTest"/>
  <testcase name="validateLoginPageTitleTest" time="13.817" classname="com.crm.qa.testcases.LoginPageTest"/>
</testsuite> <!-- com.crm.qa.testcases.LoginPageTest -->
