<?xml version="1.0" encoding="UTF-8"?>
<!-- Generated by org.testng.reporters.JUnitReportReporter -->
<testsuite skipped="2" hostname="Lenovo-PC" name="com.crm.qa.testcases.ContactsPageTest" tests="5" failures="0" timestamp="29 Jun 2020 11:40:25 GMT" time="127.578" errors="0">
  <testcase name="newContactsInformationTest" time="46.094" classname="com.crm.qa.testcases.ContactsPageTest"/>
  <testcase name="newContactsInformationTest" time="41.210" classname="com.crm.qa.testcases.ContactsPageTest"/>
  <testcase name="newContactsInformationTest" time="40.274" classname="com.crm.qa.testcases.ContactsPageTest"/>
  <testcase name="verifyContactsLabelTest" classname="com.crm.qa.testcases.ContactsPageTest">
    <skipped/>
  </testcase> <!-- verifyContactsLabelTest -->
  <testcase name="selectCheckBoxByTest" classname="com.crm.qa.testcases.ContactsPageTest">
    <skipped/>
  </testcase> <!-- selectCheckBoxByTest -->
</testsuite> <!-- com.crm.qa.testcases.ContactsPageTest -->
